{
  "meta": {
    "format": 3,
    "version": "7.14.1",
    "timestamp": "2026-05-30T17:08:17.595419",
    "branch_coverage": true,
    "show_contexts": false
  },
  "files": {
    "src/runnerforge/__init__.py": {
      "executed_lines": [],
      "summary": {
        "covered_lines": 0,
        "num_statements": 0,
        "percent_covered": 100.0,
        "percent_covered_display": "100",
        "missing_lines": 0,
        "excluded_lines": 0,
        "percent_statements_covered": 100.0,
        "percent_statements_covered_display": "100",
        "num_branches": 0,
        "num_partial_branches": 0,
        "covered_branches": 0,
        "missing_branches": 0,
        "percent_branches_covered": 100.0,
        "percent_branches_covered_display": "100"
      },
      "missing_lines": [],
      "excluded_lines": [],
      "executed_branches": [],
      "missing_branches": [],
      "functions": {
        "": {
          "executed_lines": [],
          "summary": {
            "covered_lines": 0,
            "num_statements": 0,
            "percent_covered": 100.0,
            "percent_covered_display": "100",
            "missing_lines": 0,
            "excluded_lines": 0,
            "percent_statements_covered": 100.0,
            "percent_statements_covered_display": "100",
            "num_branches": 0,
            "num_partial_branches": 0,
            "covered_branches": 0,
            "missing_branches": 0,
            "percent_branches_covered": 100.0,
            "percent_branches_covered_display": "100"
          },
          "missing_lines": [],
          "excluded_lines": [],
          "start_line": 1,
          "executed_branches": [],
          "missing_branches": []
        }
      },
      "classes": {
        "": {
          "executed_lines": [],
          "summary": {
            "covered_lines": 0,
            "num_statements": 0,
            "percent_covered": 100.0,
            "percent_covered_display": "100",
            "missing_lines": 0,
            "excluded_lines": 0,
            "percent_statements_covered": 100.0,
            "percent_statements_covered_display": "100",
            "num_branches": 0,
            "num_partial_branches": 0,
            "covered_branches": 0,
            "missing_branches": 0,
            "percent_branches_covered": 100.0,
            "percent_branches_covered_display": "100"
          },
          "missing_lines": [],
          "excluded_lines": [],
          "start_line": 1,
          "executed_branches": [],
          "missing_branches": []
        }
      }
    },
    "src/runnerforge/config.py": {
      "executed_lines": [1, 2, 5, 6, 7, 10],
      "summary": {
        "covered_lines": 6,
        "num_statements": 6,
        "percent_covered": 100.0,
        "percent_covered_display": "100",
        "missing_lines": 0,
        "excluded_lines": 0,
        "percent_statements_covered": 100.0,
        "percent_statements_covered_display": "100",
        "num_branches": 0,
        "num_partial_branches": 0,
        "covered_branches": 0,
        "missing_branches": 0,
        "percent_branches_covered": 100.0,
        "percent_branches_covered_display": "100"
      },
      "missing_lines": [],
      "excluded_lines": [],
      "executed_branches": [],
      "missing_branches": [],
      "functions": {
        "": {
          "executed_lines": [1, 2, 5, 6, 7, 10],
          "summary": {
            "covered_lines": 6,
            "num_statements": 6,
            "percent_covered": 100.0,
            "percent_covered_display": "100",
            "missing_lines": 0,
            "excluded_lines": 0,
            "percent_statements_covered": 100.0,
            "percent_statements_covered_display": "100",
            "num_branches": 0,
            "num_partial_branches": 0,
            "covered_branches": 0,
            "missing_branches": 0,
            "percent_branches_covered": 100.0,
            "percent_branches_covered_display": "100"
          },
          "missing_lines": [],
          "excluded_lines": [],
          "start_line": 1,
          "executed_branches": [],
          "missing_branches": []
        }
      },
      "classes": {
        "": {
          "executed_lines": [1, 2, 5, 6, 7, 10],
          "summary": {
            "covered_lines": 6,
            "num_statements": 6,
            "percent_covered": 100.0,
            "percent_covered_display": "100",
            "missing_lines": 0,
            "excluded_lines": 0,
            "percent_statements_covered": 100.0,
            "percent_statements_covered_display": "100",
            "num_branches": 0,
            "num_partial_branches": 0,
            "covered_branches": 0,
            "missing_branches": 0,
            "percent_branches_covered": 100.0,
            "percent_branches_covered_display": "100"
          },
          "missing_lines": [],
          "excluded_lines": [],
          "start_line": 1,
          "executed_branches": [],
          "missing_branches": []
        }
      }
    },
    "src/runnerforge/github_client.py": {
      "executed_lines": [
        9, 10, 12, 13, 15, 16, 17, 19, 22, 25, 26, 27, 28, 29, 34, 37, 39, 40, 45, 46, 47, 48, 50,
        56, 57, 60, 61, 62, 67, 68, 69, 70, 72, 78, 79
      ],
      "summary": {
        "covered_lines": 35,
        "num_statements": 35,
        "percent_covered": 100.0,
        "percent_covered_display": "100",
        "missing_lines": 0,
        "excluded_lines": 0,
        "percent_statements_covered": 100.0,
        "percent_statements_covered_display": "100",
        "num_branches": 0,
        "num_partial_branches": 0,
        "covered_branches": 0,
        "missing_branches": 0,
        "percent_branches_covered": 100.0,
        "percent_branches_covered_display": "100"
      },
      "missing_lines": [],
      "excluded_lines": [],
      "executed_branches": [],
      "missing_branches": [],
      "functions": {
        "generate_app_jwt": {
          "executed_lines": [25, 26, 27, 28, 29, 34],
          "summary": {
            "covered_lines": 6,
            "num_statements": 6,
            "percent_covered": 100.0,
            "percent_covered_display": "100",
            "missing_lines": 0,
            "excluded_lines": 0,
            "percent_statements_covered": 100.0,
            "percent_statements_covered_display": "100",
            "num_branches": 0,
            "num_partial_branches": 0,
            "covered_branches": 0,
            "missing_branches": 0,
            "percent_branches_covered": 100.0,
            "percent_branches_covered_display": "100"
          },
          "missing_lines": [],
          "excluded_lines": [],
          "start_line": 22,
          "executed_branches": [],
          "missing_branches": []
        },
        "get_installation_token": {
          "executed_lines": [39, 40, 45, 46, 47, 48, 50, 56, 57],
          "summary": {
            "covered_lines": 9,
            "num_statements": 9,
            "percent_covered": 100.0,
            "percent_covered_display": "100",
            "missing_lines": 0,
            "excluded_lines": 0,
            "percent_statements_covered": 100.0,
            "percent_statements_covered_display": "100",
            "num_branches": 0,
            "num_partial_branches": 0,
            "covered_branches": 0,
            "missing_branches": 0,
            "percent_branches_covered": 100.0,
            "percent_branches_covered_display": "100"
          },
          "missing_lines": [],
          "excluded_lines": [],
          "start_line": 37,
          "executed_branches": [],
          "missing_branches": []
        },
        "get_registration_token": {
          "executed_lines": [61, 62, 67, 68, 69, 70, 72, 78, 79],
          "summary": {
            "covered_lines": 9,
            "num_statements": 9,
            "percent_covered": 100.0,
            "percent_covered_display": "100",
            "missing_lines": 0,
            "excluded_lines": 0,
            "percent_statements_covered": 100.0,
            "percent_statements_covered_display": "100",
            "num_branches": 0,
            "num_partial_branches": 0,
            "covered_branches": 0,
            "missing_branches": 0,
            "percent_branches_covered": 100.0,
            "percent_branches_covered_display": "100"
          },
          "missing_lines": [],
          "excluded_lines": [],
          "start_line": 60,
          "executed_branches": [],
          "missing_branches": []
        },
        "": {
          "executed_lines": [9, 10, 12, 13, 15, 16, 17, 19, 22, 37, 60],
          "summary": {
            "covered_lines": 11,
            "num_statements": 11,
            "percent_covered": 100.0,
            "percent_covered_display": "100",
            "missing_lines": 0,
            "excluded_lines": 0,
            "percent_statements_covered": 100.0,
            "percent_statements_covered_display": "100",
            "num_branches": 0,
            "num_partial_branches": 0,
            "covered_branches": 0,
            "missing_branches": 0,
            "percent_branches_covered": 100.0,
            "percent_branches_covered_display": "100"
          },
          "missing_lines": [],
          "excluded_lines": [],
          "start_line": 1,
          "executed_branches": [],
          "missing_branches": []
        }
      },
      "classes": {
        "": {
          "executed_lines": [
            9, 10, 12, 13, 15, 16, 17, 19, 22, 25, 26, 27, 28, 29, 34, 37, 39, 40, 45, 46, 47, 48,
            50, 56, 57, 60, 61, 62, 67, 68, 69, 70, 72, 78, 79
          ],
          "summary": {
            "covered_lines": 35,
            "num_statements": 35,
            "percent_covered": 100.0,
            "percent_covered_display": "100",
            "missing_lines": 0,
            "excluded_lines": 0,
            "percent_statements_covered": 100.0,
            "percent_statements_covered_display": "100",
            "num_branches": 0,
            "num_partial_branches": 0,
            "covered_branches": 0,
            "missing_branches": 0,
            "percent_branches_covered": 100.0,
            "percent_branches_covered_display": "100"
          },
          "missing_lines": [],
          "excluded_lines": [],
          "start_line": 1,
          "executed_branches": [],
          "missing_branches": []
        }
      }
    },
    "src/runnerforge/handlers.py": {
      "executed_lines": [1, 3, 5, 8, 9, 13, 14, 15, 19, 25, 26, 29, 30],
      "summary": {
        "covered_lines": 13,
        "num_statements": 13,
        "percent_covered": 100.0,
        "percent_covered_display": "100",
        "missing_lines": 0,
        "excluded_lines": 0,
        "percent_statements_covered": 100.0,
        "percent_statements_covered_display": "100",
        "num_branches": 0,
        "num_partial_branches": 0,
        "covered_branches": 0,
        "missing_branches": 0,
        "percent_branches_covered": 100.0,
        "percent_branches_covered_display": "100"
      },
      "missing_lines": [],
      "excluded_lines": [],
      "executed_branches": [],
      "missing_branches": [],
      "functions": {
        "handle_queued": {
          "executed_lines": [9, 13, 14, 15, 19],
          "summary": {
            "covered_lines": 5,
            "num_statements": 5,
            "percent_covered": 100.0,
            "percent_covered_display": "100",
            "missing_lines": 0,
            "excluded_lines": 0,
            "percent_statements_covered": 100.0,
            "percent_statements_covered_display": "100",
            "num_branches": 0,
            "num_partial_branches": 0,
            "covered_branches": 0,
            "missing_branches": 0,
            "percent_branches_covered": 100.0,
            "percent_branches_covered_display": "100"
          },
          "missing_lines": [],
          "excluded_lines": [],
          "start_line": 8,
          "executed_branches": [],
          "missing_branches": []
        },
        "handle_in_progress": {
          "executed_lines": [26],
          "summary": {
            "covered_lines": 1,
            "num_statements": 1,
            "percent_covered": 100.0,
            "percent_covered_display": "100",
            "missing_lines": 0,
            "excluded_lines": 0,
            "percent_statements_covered": 100.0,
            "percent_statements_covered_display": "100",
            "num_branches": 0,
            "num_partial_branches": 0,
            "covered_branches": 0,
            "missing_branches": 0,
            "percent_branches_covered": 100.0,
            "percent_branches_covered_display": "100"
          },
          "missing_lines": [],
          "excluded_lines": [],
          "start_line": 25,
          "executed_branches": [],
          "missing_branches": []
        },
        "handle_completed": {
          "executed_lines": [30],
          "summary": {
            "covered_lines": 1,
            "num_statements": 1,
            "percent_covered": 100.0,
            "percent_covered_display": "100",
            "missing_lines": 0,
            "excluded_lines": 0,
            "percent_statements_covered": 100.0,
            "percent_statements_covered_display": "100",
            "num_branches": 0,
            "num_partial_branches": 0,
            "covered_branches": 0,
            "missing_branches": 0,
            "percent_branches_covered": 100.0,
            "percent_branches_covered_display": "100"
          },
          "missing_lines": [],
          "excluded_lines": [],
          "start_line": 29,
          "executed_branches": [],
          "missing_branches": []
        },
        "": {
          "executed_lines": [1, 3, 5, 8, 25, 29],
          "summary": {
            "covered_lines": 6,
            "num_statements": 6,
            "percent_covered": 100.0,
            "percent_covered_display": "100",
            "missing_lines": 0,
            "excluded_lines": 0,
            "percent_statements_covered": 100.0,
            "percent_statements_covered_display": "100",
            "num_branches": 0,
            "num_partial_branches": 0,
            "covered_branches": 0,
            "missing_branches": 0,
            "percent_branches_covered": 100.0,
            "percent_branches_covered_display": "100"
          },
          "missing_lines": [],
          "excluded_lines": [],
          "start_line": 1,
          "executed_branches": [],
          "missing_branches": []
        }
      },
      "classes": {
        "": {
          "executed_lines": [1, 3, 5, 8, 9, 13, 14, 15, 19, 25, 26, 29, 30],
          "summary": {
            "covered_lines": 13,
            "num_statements": 13,
            "percent_covered": 100.0,
            "percent_covered_display": "100",
            "missing_lines": 0,
            "excluded_lines": 0,
            "percent_statements_covered": 100.0,
            "percent_statements_covered_display": "100",
            "num_branches": 0,
            "num_partial_branches": 0,
            "covered_branches": 0,
            "missing_branches": 0,
            "percent_branches_covered": 100.0,
            "percent_branches_covered_display": "100"
          },
          "missing_lines": [],
          "excluded_lines": [],
          "start_line": 1,
          "executed_branches": [],
          "missing_branches": []
        }
      }
    },
    "src/runnerforge/logger.py": {
      "executed_lines": [
        1, 2, 3, 4, 5, 6, 7, 8, 10, 12, 13, 16, 41, 46, 47, 54, 55, 64, 66, 67, 69, 71, 72, 73, 78,
        79, 80, 81, 82, 83, 84, 85, 86, 87, 90, 91, 92, 93, 106, 107, 108, 110, 111, 112, 116, 122,
        123, 124, 125, 126, 127, 128, 129, 130, 133, 136, 137, 140, 141, 142, 143, 144, 145, 146,
        147, 151, 153, 154, 156, 158, 159, 160, 162, 163, 164, 167, 169, 170, 171, 172, 176
      ],
      "summary": {
        "covered_lines": 81,
        "num_statements": 81,
        "percent_covered": 98.98989898989899,
        "percent_covered_display": "99",
        "missing_lines": 0,
        "excluded_lines": 0,
        "percent_statements_covered": 100.0,
        "percent_statements_covered_display": "100",
        "num_branches": 18,
        "num_partial_branches": 1,
        "covered_branches": 17,
        "missing_branches": 1,
        "percent_branches_covered": 94.44444444444444,
        "percent_branches_covered_display": "94"
      },
      "missing_lines": [],
      "excluded_lines": [],
      "executed_branches": [
        [79, 80],
        [79, 82],
        [83, 84],
        [85, 86],
        [85, 87],
        [107, 108],
        [107, 110],
        [111, 112],
        [111, 116],
        [142, 143],
        [142, 145],
        [143, 142],
        [143, 144],
        [153, 154],
        [153, 156],
        [169, 170],
        [169, 176]
      ],
      "missing_branches": [[83, 85]],
      "functions": {
        "_extract_extras": {
          "executed_lines": [47],
          "summary": {
            "covered_lines": 1,
            "num_statements": 1,
            "percent_covered": 100.0,
            "percent_covered_display": "100",
            "missing_lines": 0,
            "excluded_lines": 0,
            "percent_statements_covered": 100.0,
            "percent_statements_covered_display": "100",
            "num_branches": 0,
            "num_partial_branches": 0,
            "covered_branches": 0,
            "missing_branches": 0,
            "percent_branches_covered": 100.0,
            "percent_branches_covered_display": "100"
          },
          "missing_lines": [],
          "excluded_lines": [],
          "start_line": 46,
          "executed_branches": [],
          "missing_branches": []
        },
        "ColorFormatter.__init__": {
          "executed_lines": [67, 69],
          "summary": {
            "covered_lines": 2,
            "num_statements": 2,
            "percent_covered": 100.0,
            "percent_covered_display": "100",
            "missing_lines": 0,
            "excluded_lines": 0,
            "percent_statements_covered": 100.0,
            "percent_statements_covered_display": "100",
            "num_branches": 0,
            "num_partial_branches": 0,
            "covered_branches": 0,
            "missing_branches": 0,
            "percent_branches_covered": 100.0,
            "percent_branches_covered_display": "100"
          },
          "missing_lines": [],
          "excluded_lines": [],
          "start_line": 66,
          "executed_branches": [],
          "missing_branches": []
        },
        "ColorFormatter.format": {
          "executed_lines": [72, 73, 78, 79, 80, 81, 82, 83, 84, 85, 86, 87],
          "summary": {
            "covered_lines": 12,
            "num_statements": 12,
            "percent_covered": 94.44444444444444,
            "percent_covered_display": "94",
            "missing_lines": 0,
            "excluded_lines": 0,
            "percent_statements_covered": 100.0,
            "percent_statements_covered_display": "100",
            "num_branches": 6,
            "num_partial_branches": 1,
            "covered_branches": 5,
            "missing_branches": 1,
            "percent_branches_covered": 83.33333333333333,
            "percent_branches_covered_display": "83"
          },
          "missing_lines": [],
          "excluded_lines": [],
          "start_line": 71,
          "executed_branches": [
            [79, 80],
            [79, 82],
            [83, 84],
            [85, 86],
            [85, 87]
          ],
          "missing_branches": [[83, 85]]
        },
        "JsonFormatter.format": {
          "executed_lines": [92, 93, 106, 107, 108, 110, 111, 112, 116],
          "summary": {
            "covered_lines": 9,
            "num_statements": 9,
            "percent_covered": 100.0,
            "percent_covered_display": "100",
            "missing_lines": 0,
            "excluded_lines": 0,
            "percent_statements_covered": 100.0,
            "percent_statements_covered_display": "100",
            "num_branches": 4,
            "num_partial_branches": 0,
            "covered_branches": 4,
            "missing_branches": 0,
            "percent_branches_covered": 100.0,
            "percent_branches_covered_display": "100"
          },
          "missing_lines": [],
          "excluded_lines": [],
          "start_line": 91,
          "executed_branches": [
            [107, 108],
            [107, 110],
            [111, 112],
            [111, 116]
          ],
          "missing_branches": []
        },
        "update_context": {
          "executed_lines": [137],
          "summary": {
            "covered_lines": 1,
            "num_statements": 1,
            "percent_covered": 100.0,
            "percent_covered_display": "100",
            "missing_lines": 0,
            "excluded_lines": 0,
            "percent_statements_covered": 100.0,
            "percent_statements_covered_display": "100",
            "num_branches": 0,
            "num_partial_branches": 0,
            "covered_branches": 0,
            "missing_branches": 0,
            "percent_branches_covered": 100.0,
            "percent_branches_covered_display": "100"
          },
          "missing_lines": [],
          "excluded_lines": [],
          "start_line": 136,
          "executed_branches": [],
          "missing_branches": []
        },
        "ContextFilter.filter": {
          "executed_lines": [142, 143, 144, 145, 146, 147],
          "summary": {
            "covered_lines": 6,
            "num_statements": 6,
            "percent_covered": 100.0,
            "percent_covered_display": "100",
            "missing_lines": 0,
            "excluded_lines": 0,
            "percent_statements_covered": 100.0,
            "percent_statements_covered_display": "100",
            "num_branches": 4,
            "num_partial_branches": 0,
            "covered_branches": 4,
            "missing_branches": 0,
            "percent_branches_covered": 100.0,
            "percent_branches_covered_display": "100"
          },
          "missing_lines": [],
          "excluded_lines": [],
          "start_line": 141,
          "executed_branches": [
            [142, 143],
            [142, 145],
            [143, 142],
            [143, 144]
          ],
          "missing_branches": []
        },
        "setup_logging": {
          "executed_lines": [
            153, 154, 156, 158, 159, 160, 162, 163, 164, 167, 169, 170, 171, 172, 176
          ],
          "summary": {
            "covered_lines": 15,
            "num_statements": 15,
            "percent_covered": 100.0,
            "percent_covered_display": "100",
            "missing_lines": 0,
            "excluded_lines": 0,
            "percent_statements_covered": 100.0,
            "percent_statements_covered_display": "100",
            "num_branches": 4,
            "num_partial_branches": 0,
            "covered_branches": 4,
            "missing_branches": 0,
            "percent_branches_covered": 100.0,
            "percent_branches_covered_display": "100"
          },
          "missing_lines": [],
          "excluded_lines": [],
          "start_line": 151,
          "executed_branches": [
            [153, 154],
            [153, 156],
            [169, 170],
            [169, 176]
          ],
          "missing_branches": []
        },
        "": {
          "executed_lines": [
            1, 2, 3, 4, 5, 6, 7, 8, 10, 12, 13, 16, 41, 46, 54, 55, 64, 66, 71, 90, 91, 122, 123,
            124, 125, 126, 127, 128, 129, 130, 133, 136, 140, 141, 151
          ],
          "summary": {
            "covered_lines": 35,
            "num_statements": 35,
            "percent_covered": 100.0,
            "percent_covered_display": "100",
            "missing_lines": 0,
            "excluded_lines": 0,
            "percent_statements_covered": 100.0,
            "percent_statements_covered_display": "100",
            "num_branches": 0,
            "num_partial_branches": 0,
            "covered_branches": 0,
            "missing_branches": 0,
            "percent_branches_covered": 100.0,
            "percent_branches_covered_display": "100"
          },
          "missing_lines": [],
          "excluded_lines": [],
          "start_line": 1,
          "executed_branches": [],
          "missing_branches": []
        }
      },
      "classes": {
        "ColorFormatter": {
          "executed_lines": [67, 69, 72, 73, 78, 79, 80, 81, 82, 83, 84, 85, 86, 87],
          "summary": {
            "covered_lines": 14,
            "num_statements": 14,
            "percent_covered": 95.0,
            "percent_covered_display": "95",
            "missing_lines": 0,
            "excluded_lines": 0,
            "percent_statements_covered": 100.0,
            "percent_statements_covered_display": "100",
            "num_branches": 6,
            "num_partial_branches": 1,
            "covered_branches": 5,
            "missing_branches": 1,
            "percent_branches_covered": 83.33333333333333,
            "percent_branches_covered_display": "83"
          },
          "missing_lines": [],
          "excluded_lines": [],
          "start_line": 54,
          "executed_branches": [
            [79, 80],
            [79, 82],
            [83, 84],
            [85, 86],
            [85, 87]
          ],
          "missing_branches": [[83, 85]]
        },
        "JsonFormatter": {
          "executed_lines": [92, 93, 106, 107, 108, 110, 111, 112, 116],
          "summary": {
            "covered_lines": 9,
            "num_statements": 9,
            "percent_covered": 100.0,
            "percent_covered_display": "100",
            "missing_lines": 0,
            "excluded_lines": 0,
            "percent_statements_covered": 100.0,
            "percent_statements_covered_display": "100",
            "num_branches": 4,
            "num_partial_branches": 0,
            "covered_branches": 4,
            "missing_branches": 0,
            "percent_branches_covered": 100.0,
            "percent_branches_covered_display": "100"
          },
          "missing_lines": [],
          "excluded_lines": [],
          "start_line": 90,
          "executed_branches": [
            [107, 108],
            [107, 110],
            [111, 112],
            [111, 116]
          ],
          "missing_branches": []
        },
        "LogContext": {
          "executed_lines": [],
          "summary": {
            "covered_lines": 0,
            "num_statements": 0,
            "percent_covered": 100.0,
            "percent_covered_display": "100",
            "missing_lines": 0,
            "excluded_lines": 0,
            "percent_statements_covered": 100.0,
            "percent_statements_covered_display": "100",
            "num_branches": 0,
            "num_partial_branches": 0,
            "covered_branches": 0,
            "missing_branches": 0,
            "percent_branches_covered": 100.0,
            "percent_branches_covered_display": "100"
          },
          "missing_lines": [],
          "excluded_lines": [],
          "start_line": 123,
          "executed_branches": [],
          "missing_branches": []
        },
        "ContextFilter": {
          "executed_lines": [142, 143, 144, 145, 146, 147],
          "summary": {
            "covered_lines": 6,
            "num_statements": 6,
            "percent_covered": 100.0,
            "percent_covered_display": "100",
            "missing_lines": 0,
            "excluded_lines": 0,
            "percent_statements_covered": 100.0,
            "percent_statements_covered_display": "100",
            "num_branches": 4,
            "num_partial_branches": 0,
            "covered_branches": 4,
            "missing_branches": 0,
            "percent_branches_covered": 100.0,
            "percent_branches_covered_display": "100"
          },
          "missing_lines": [],
          "excluded_lines": [],
          "start_line": 140,
          "executed_branches": [
            [142, 143],
            [142, 145],
            [143, 142],
            [143, 144]
          ],
          "missing_branches": []
        },
        "": {
          "executed_lines": [
            1, 2, 3, 4, 5, 6, 7, 8, 10, 12, 13, 16, 41, 46, 47, 54, 55, 64, 66, 71, 90, 91, 122,
            123, 124, 125, 126, 127, 128, 129, 130, 133, 136, 137, 140, 141, 151, 153, 154, 156,
            158, 159, 160, 162, 163, 164, 167, 169, 170, 171, 172, 176
          ],
          "summary": {
            "covered_lines": 52,
            "num_statements": 52,
            "percent_covered": 100.0,
            "percent_covered_display": "100",
            "missing_lines": 0,
            "excluded_lines": 0,
            "percent_statements_covered": 100.0,
            "percent_statements_covered_display": "100",
            "num_branches": 4,
            "num_partial_branches": 0,
            "covered_branches": 4,
            "missing_branches": 0,
            "percent_branches_covered": 100.0,
            "percent_branches_covered_display": "100"
          },
          "missing_lines": [],
          "excluded_lines": [],
          "start_line": 1,
          "executed_branches": [
            [153, 154],
            [153, 156],
            [169, 170],
            [169, 176]
          ],
          "missing_branches": []
        }
      }
    },
    "src/runnerforge/main.py": {
      "executed_lines": [
        1, 2, 3, 4, 5, 7, 9, 10, 11, 15, 16, 17, 19, 20, 21, 24, 26, 27, 28, 29, 32, 33, 34, 37, 38,
        39, 40, 41, 42, 56, 59, 60, 61, 64, 71, 72, 75, 78, 82, 84, 91, 99, 100, 101, 102, 103, 104,
        105, 106, 107, 108
      ],
      "summary": {
        "covered_lines": 51,
        "num_statements": 51,
        "percent_covered": 100.0,
        "percent_covered_display": "100",
        "missing_lines": 0,
        "excluded_lines": 0,
        "percent_statements_covered": 100.0,
        "percent_statements_covered_display": "100",
        "num_branches": 10,
        "num_partial_branches": 0,
        "covered_branches": 10,
        "missing_branches": 0,
        "percent_branches_covered": 100.0,
        "percent_branches_covered_display": "100"
      },
      "missing_lines": [],
      "excluded_lines": [],
      "executed_branches": [
        [26, 27],
        [26, 28],
        [75, 78],
        [75, 84],
        [100, 101],
        [100, 102],
        [102, 103],
        [102, 104],
        [104, 105],
        [104, 106]
      ],
      "missing_branches": [],
      "functions": {
        "parse_trace_id": {
          "executed_lines": [26, 27, 28, 29],
          "summary": {
            "covered_lines": 4,
            "num_statements": 4,
            "percent_covered": 100.0,
            "percent_covered_display": "100",
            "missing_lines": 0,
            "excluded_lines": 0,
            "percent_statements_covered": 100.0,
            "percent_statements_covered_display": "100",
            "num_branches": 2,
            "num_partial_branches": 0,
            "covered_branches": 2,
            "missing_branches": 0,
            "percent_branches_covered": 100.0,
            "percent_branches_covered_display": "100"
          },
          "missing_lines": [],
          "excluded_lines": [],
          "start_line": 24,
          "executed_branches": [
            [26, 27],
            [26, 28]
          ],
          "missing_branches": []
        },
        "access_log_middleware": {
          "executed_lines": [34, 37, 38, 39, 40, 41, 42, 56],
          "summary": {
            "covered_lines": 8,
            "num_statements": 8,
            "percent_covered": 100.0,
            "percent_covered_display": "100",
            "missing_lines": 0,
            "excluded_lines": 0,
            "percent_statements_covered": 100.0,
            "percent_statements_covered_display": "100",
            "num_branches": 0,
            "num_partial_branches": 0,
            "covered_branches": 0,
            "missing_branches": 0,
            "percent_branches_covered": 100.0,
            "percent_branches_covered_display": "100"
          },
          "missing_lines": [],
          "excluded_lines": [],
          "start_line": 33,
          "executed_branches": [],
          "missing_branches": []
        },
        "healthz": {
          "executed_lines": [61],
          "summary": {
            "covered_lines": 1,
            "num_statements": 1,
            "percent_covered": 100.0,
            "percent_covered_display": "100",
            "missing_lines": 0,
            "excluded_lines": 0,
            "percent_statements_covered": 100.0,
            "percent_statements_covered_display": "100",
            "num_branches": 0,
            "num_partial_branches": 0,
            "covered_branches": 0,
            "missing_branches": 0,
            "percent_branches_covered": 100.0,
            "percent_branches_covered_display": "100"
          },
          "missing_lines": [],
          "excluded_lines": [],
          "start_line": 60,
          "executed_branches": [],
          "missing_branches": []
        },
        "webhook": {
          "executed_lines": [
            72, 75, 78, 82, 84, 91, 99, 100, 101, 102, 103, 104, 105, 106, 107, 108
          ],
          "summary": {
            "covered_lines": 16,
            "num_statements": 16,
            "percent_covered": 100.0,
            "percent_covered_display": "100",
            "missing_lines": 0,
            "excluded_lines": 0,
            "percent_statements_covered": 100.0,
            "percent_statements_covered_display": "100",
            "num_branches": 8,
            "num_partial_branches": 0,
            "covered_branches": 8,
            "missing_branches": 0,
            "percent_branches_covered": 100.0,
            "percent_branches_covered_display": "100"
          },
          "missing_lines": [],
          "excluded_lines": [],
          "start_line": 71,
          "executed_branches": [
            [75, 78],
            [75, 84],
            [100, 101],
            [100, 102],
            [102, 103],
            [102, 104],
            [104, 105],
            [104, 106]
          ],
          "missing_branches": []
        },
        "": {
          "executed_lines": [
            1, 2, 3, 4, 5, 7, 9, 10, 11, 15, 16, 17, 19, 20, 21, 24, 32, 33, 59, 60, 64, 71
          ],
          "summary": {
            "covered_lines": 22,
            "num_statements": 22,
            "percent_covered": 100.0,
            "percent_covered_display": "100",
            "missing_lines": 0,
            "excluded_lines": 0,
            "percent_statements_covered": 100.0,
            "percent_statements_covered_display": "100",
            "num_branches": 0,
            "num_partial_branches": 0,
            "covered_branches": 0,
            "missing_branches": 0,
            "percent_branches_covered": 100.0,
            "percent_branches_covered_display": "100"
          },
          "missing_lines": [],
          "excluded_lines": [],
          "start_line": 1,
          "executed_branches": [],
          "missing_branches": []
        }
      },
      "classes": {
        "": {
          "executed_lines": [
            1, 2, 3, 4, 5, 7, 9, 10, 11, 15, 16, 17, 19, 20, 21, 24, 26, 27, 28, 29, 32, 33, 34, 37,
            38, 39, 40, 41, 42, 56, 59, 60, 61, 64, 71, 72, 75, 78, 82, 84, 91, 99, 100, 101, 102,
            103, 104, 105, 106, 107, 108
          ],
          "summary": {
            "covered_lines": 51,
            "num_statements": 51,
            "percent_covered": 100.0,
            "percent_covered_display": "100",
            "missing_lines": 0,
            "excluded_lines": 0,
            "percent_statements_covered": 100.0,
            "percent_statements_covered_display": "100",
            "num_branches": 10,
            "num_partial_branches": 0,
            "covered_branches": 10,
            "missing_branches": 0,
            "percent_branches_covered": 100.0,
            "percent_branches_covered_display": "100"
          },
          "missing_lines": [],
          "excluded_lines": [],
          "start_line": 1,
          "executed_branches": [
            [26, 27],
            [26, 28],
            [75, 78],
            [75, 84],
            [100, 101],
            [100, 102],
            [102, 103],
            [102, 104],
            [104, 105],
            [104, 106]
          ],
          "missing_branches": []
        }
      }
    },
    "src/runnerforge/models.py": {
      "executed_lines": [1, 2, 4, 7, 11, 16, 22, 27, 31, 39, 46, 54],
      "summary": {
        "covered_lines": 12,
        "num_statements": 12,
        "percent_covered": 100.0,
        "percent_covered_display": "100",
        "missing_lines": 0,
        "excluded_lines": 0,
        "percent_statements_covered": 100.0,
        "percent_statements_covered_display": "100",
        "num_branches": 0,
        "num_partial_branches": 0,
        "covered_branches": 0,
        "missing_branches": 0,
        "percent_branches_covered": 100.0,
        "percent_branches_covered_display": "100"
      },
      "missing_lines": [],
      "excluded_lines": [],
      "executed_branches": [],
      "missing_branches": [],
      "functions": {
        "": {
          "executed_lines": [1, 2, 4, 7, 11, 16, 22, 27, 31, 39, 46, 54],
          "summary": {
            "covered_lines": 12,
            "num_statements": 12,
            "percent_covered": 100.0,
            "percent_covered_display": "100",
            "missing_lines": 0,
            "excluded_lines": 0,
            "percent_statements_covered": 100.0,
            "percent_statements_covered_display": "100",
            "num_branches": 0,
            "num_partial_branches": 0,
            "covered_branches": 0,
            "missing_branches": 0,
            "percent_branches_covered": 100.0,
            "percent_branches_covered_display": "100"
          },
          "missing_lines": [],
          "excluded_lines": [],
          "start_line": 1,
          "executed_branches": [],
          "missing_branches": []
        }
      },
      "classes": {
        "WorkflowJob": {
          "executed_lines": [],
          "summary": {
            "covered_lines": 0,
            "num_statements": 0,
            "percent_covered": 100.0,
            "percent_covered_display": "100",
            "missing_lines": 0,
            "excluded_lines": 0,
            "percent_statements_covered": 100.0,
            "percent_statements_covered_display": "100",
            "num_branches": 0,
            "num_partial_branches": 0,
            "covered_branches": 0,
            "missing_branches": 0,
            "percent_branches_covered": 100.0,
            "percent_branches_covered_display": "100"
          },
          "missing_lines": [],
          "excluded_lines": [],
          "start_line": 7,
          "executed_branches": [],
          "missing_branches": []
        },
        "Login": {
          "executed_lines": [],
          "summary": {
            "covered_lines": 0,
            "num_statements": 0,
            "percent_covered": 100.0,
            "percent_covered_display": "100",
            "missing_lines": 0,
            "excluded_lines": 0,
            "percent_statements_covered": 100.0,
            "percent_statements_covered_display": "100",
            "num_branches": 0,
            "num_partial_branches": 0,
            "covered_branches": 0,
            "missing_branches": 0,
            "percent_branches_covered": 100.0,
            "percent_branches_covered_display": "100"
          },
          "missing_lines": [],
          "excluded_lines": [],
          "start_line": 16,
          "executed_branches": [],
          "missing_branches": []
        },
        "Repository": {
          "executed_lines": [],
          "summary": {
            "covered_lines": 0,
            "num_statements": 0,
            "percent_covered": 100.0,
            "percent_covered_display": "100",
            "missing_lines": 0,
            "excluded_lines": 0,
            "percent_statements_covered": 100.0,
            "percent_statements_covered_display": "100",
            "num_branches": 0,
            "num_partial_branches": 0,
            "covered_branches": 0,
            "missing_branches": 0,
            "percent_branches_covered": 100.0,
            "percent_branches_covered_display": "100"
          },
          "missing_lines": [],
          "excluded_lines": [],
          "start_line": 22,
          "executed_branches": [],
          "missing_branches": []
        },
        "Installation": {
          "executed_lines": [],
          "summary": {
            "covered_lines": 0,
            "num_statements": 0,
            "percent_covered": 100.0,
            "percent_covered_display": "100",
            "missing_lines": 0,
            "excluded_lines": 0,
            "percent_statements_covered": 100.0,
            "percent_statements_covered_display": "100",
            "num_branches": 0,
            "num_partial_branches": 0,
            "covered_branches": 0,
            "missing_branches": 0,
            "percent_branches_covered": 100.0,
            "percent_branches_covered_display": "100"
          },
          "missing_lines": [],
          "excluded_lines": [],
          "start_line": 27,
          "executed_branches": [],
          "missing_branches": []
        },
        "WorkflowJobEvent": {
          "executed_lines": [],
          "summary": {
            "covered_lines": 0,
            "num_statements": 0,
            "percent_covered": 100.0,
            "percent_covered_display": "100",
            "missing_lines": 0,
            "excluded_lines": 0,
            "percent_statements_covered": 100.0,
            "percent_statements_covered_display": "100",
            "num_branches": 0,
            "num_partial_branches": 0,
            "covered_branches": 0,
            "missing_branches": 0,
            "percent_branches_covered": 100.0,
            "percent_branches_covered_display": "100"
          },
          "missing_lines": [],
          "excluded_lines": [],
          "start_line": 31,
          "executed_branches": [],
          "missing_branches": []
        },
        "Permissions": {
          "executed_lines": [],
          "summary": {
            "covered_lines": 0,
            "num_statements": 0,
            "percent_covered": 100.0,
            "percent_covered_display": "100",
            "missing_lines": 0,
            "excluded_lines": 0,
            "percent_statements_covered": 100.0,
            "percent_statements_covered_display": "100",
            "num_branches": 0,
            "num_partial_branches": 0,
            "covered_branches": 0,
            "missing_branches": 0,
            "percent_branches_covered": 100.0,
            "percent_branches_covered_display": "100"
          },
          "missing_lines": [],
          "excluded_lines": [],
          "start_line": 39,
          "executed_branches": [],
          "missing_branches": []
        },
        "InstallationTokenResponse": {
          "executed_lines": [],
          "summary": {
            "covered_lines": 0,
            "num_statements": 0,
            "percent_covered": 100.0,
            "percent_covered_display": "100",
            "missing_lines": 0,
            "excluded_lines": 0,
            "percent_statements_covered": 100.0,
            "percent_statements_covered_display": "100",
            "num_branches": 0,
            "num_partial_branches": 0,
            "covered_branches": 0,
            "missing_branches": 0,
            "percent_branches_covered": 100.0,
            "percent_branches_covered_display": "100"
          },
          "missing_lines": [],
          "excluded_lines": [],
          "start_line": 46,
          "executed_branches": [],
          "missing_branches": []
        },
        "RegistrationTokenResponse": {
          "executed_lines": [],
          "summary": {
            "covered_lines": 0,
            "num_statements": 0,
            "percent_covered": 100.0,
            "percent_covered_display": "100",
            "missing_lines": 0,
            "excluded_lines": 0,
            "percent_statements_covered": 100.0,
            "percent_statements_covered_display": "100",
            "num_branches": 0,
            "num_partial_branches": 0,
            "covered_branches": 0,
            "missing_branches": 0,
            "percent_branches_covered": 100.0,
            "percent_branches_covered_display": "100"
          },
          "missing_lines": [],
          "excluded_lines": [],
          "start_line": 54,
          "executed_branches": [],
          "missing_branches": []
        },
        "": {
          "executed_lines": [1, 2, 4, 7, 11, 16, 22, 27, 31, 39, 46, 54],
          "summary": {
            "covered_lines": 12,
            "num_statements": 12,
            "percent_covered": 100.0,
            "percent_covered_display": "100",
            "missing_lines": 0,
            "excluded_lines": 0,
            "percent_statements_covered": 100.0,
            "percent_statements_covered_display": "100",
            "num_branches": 0,
            "num_partial_branches": 0,
            "covered_branches": 0,
            "missing_branches": 0,
            "percent_branches_covered": 100.0,
            "percent_branches_covered_display": "100"
          },
          "missing_lines": [],
          "excluded_lines": [],
          "start_line": 1,
          "executed_branches": [],
          "missing_branches": []
        }
      }
    },
    "src/runnerforge/security.py": {
      "executed_lines": [1, 2, 5, 7, 8],
      "summary": {
        "covered_lines": 5,
        "num_statements": 5,
        "percent_covered": 100.0,
        "percent_covered_display": "100",
        "missing_lines": 0,
        "excluded_lines": 0,
        "percent_statements_covered": 100.0,
        "percent_statements_covered_display": "100",
        "num_branches": 0,
        "num_partial_branches": 0,
        "covered_branches": 0,
        "missing_branches": 0,
        "percent_branches_covered": 100.0,
        "percent_branches_covered_display": "100"
      },
      "missing_lines": [],
      "excluded_lines": [],
      "executed_branches": [],
      "missing_branches": [],
      "functions": {
        "verify_github_signature": {
          "executed_lines": [7, 8],
          "summary": {
            "covered_lines": 2,
            "num_statements": 2,
            "percent_covered": 100.0,
            "percent_covered_display": "100",
            "missing_lines": 0,
            "excluded_lines": 0,
            "percent_statements_covered": 100.0,
            "percent_statements_covered_display": "100",
            "num_branches": 0,
            "num_partial_branches": 0,
            "covered_branches": 0,
            "missing_branches": 0,
            "percent_branches_covered": 100.0,
            "percent_branches_covered_display": "100"
          },
          "missing_lines": [],
          "excluded_lines": [],
          "start_line": 5,
          "executed_branches": [],
          "missing_branches": []
        },
        "": {
          "executed_lines": [1, 2, 5],
          "summary": {
            "covered_lines": 3,
            "num_statements": 3,
            "percent_covered": 100.0,
            "percent_covered_display": "100",
            "missing_lines": 0,
            "excluded_lines": 0,
            "percent_statements_covered": 100.0,
            "percent_statements_covered_display": "100",
            "num_branches": 0,
            "num_partial_branches": 0,
            "covered_branches": 0,
            "missing_branches": 0,
            "percent_branches_covered": 100.0,
            "percent_branches_covered_display": "100"
          },
          "missing_lines": [],
          "excluded_lines": [],
          "start_line": 1,
          "executed_branches": [],
          "missing_branches": []
        }
      },
      "classes": {
        "": {
          "executed_lines": [1, 2, 5, 7, 8],
          "summary": {
            "covered_lines": 5,
            "num_statements": 5,
            "percent_covered": 100.0,
            "percent_covered_display": "100",
            "missing_lines": 0,
            "excluded_lines": 0,
            "percent_statements_covered": 100.0,
            "percent_statements_covered_display": "100",
            "num_branches": 0,
            "num_partial_branches": 0,
            "covered_branches": 0,
            "missing_branches": 0,
            "percent_branches_covered": 100.0,
            "percent_branches_covered_display": "100"
          },
          "missing_lines": [],
          "excluded_lines": [],
          "start_line": 1,
          "executed_branches": [],
          "missing_branches": []
        }
      }
    },
    "src/runnerforge/utils.py": {
      "executed_lines": [1, 2, 4, 6, 9, 10, 11, 13, 16, 20, 21, 22, 23, 24],
      "summary": {
        "covered_lines": 14,
        "num_statements": 14,
        "percent_covered": 100.0,
        "percent_covered_display": "100",
        "missing_lines": 0,
        "excluded_lines": 0,
        "percent_statements_covered": 100.0,
        "percent_statements_covered_display": "100",
        "num_branches": 2,
        "num_partial_branches": 0,
        "covered_branches": 2,
        "missing_branches": 0,
        "percent_branches_covered": 100.0,
        "percent_branches_covered_display": "100"
      },
      "missing_lines": [],
      "excluded_lines": [],
      "executed_branches": [
        [10, -9],
        [10, 11]
      ],
      "missing_branches": [],
      "functions": {
        "_log_validation_errors": {
          "executed_lines": [10, 11, 13],
          "summary": {
            "covered_lines": 3,
            "num_statements": 3,
            "percent_covered": 100.0,
            "percent_covered_display": "100",
            "missing_lines": 0,
            "excluded_lines": 0,
            "percent_statements_covered": 100.0,
            "percent_statements_covered_display": "100",
            "num_branches": 2,
            "num_partial_branches": 0,
            "covered_branches": 2,
            "missing_branches": 0,
            "percent_branches_covered": 100.0,
            "percent_branches_covered_display": "100"
          },
          "missing_lines": [],
          "excluded_lines": [],
          "start_line": 9,
          "executed_branches": [
            [10, -9],
            [10, 11]
          ],
          "missing_branches": []
        },
        "parse_github_response": {
          "executed_lines": [20, 21, 22, 23, 24],
          "summary": {
            "covered_lines": 5,
            "num_statements": 5,
            "percent_covered": 100.0,
            "percent_covered_display": "100",
            "missing_lines": 0,
            "excluded_lines": 0,
            "percent_statements_covered": 100.0,
            "percent_statements_covered_display": "100",
            "num_branches": 0,
            "num_partial_branches": 0,
            "covered_branches": 0,
            "missing_branches": 0,
            "percent_branches_covered": 100.0,
            "percent_branches_covered_display": "100"
          },
          "missing_lines": [],
          "excluded_lines": [],
          "start_line": 16,
          "executed_branches": [],
          "missing_branches": []
        },
        "": {
          "executed_lines": [1, 2, 4, 6, 9, 16],
          "summary": {
            "covered_lines": 6,
            "num_statements": 6,
            "percent_covered": 100.0,
            "percent_covered_display": "100",
            "missing_lines": 0,
            "excluded_lines": 0,
            "percent_statements_covered": 100.0,
            "percent_statements_covered_display": "100",
            "num_branches": 0,
            "num_partial_branches": 0,
            "covered_branches": 0,
            "missing_branches": 0,
            "percent_branches_covered": 100.0,
            "percent_branches_covered_display": "100"
          },
          "missing_lines": [],
          "excluded_lines": [],
          "start_line": 1,
          "executed_branches": [],
          "missing_branches": []
        }
      },
      "classes": {
        "": {
          "executed_lines": [1, 2, 4, 6, 9, 10, 11, 13, 16, 20, 21, 22, 23, 24],
          "summary": {
            "covered_lines": 14,
            "num_statements": 14,
            "percent_covered": 100.0,
            "percent_covered_display": "100",
            "missing_lines": 0,
            "excluded_lines": 0,
            "percent_statements_covered": 100.0,
            "percent_statements_covered_display": "100",
            "num_branches": 2,
            "num_partial_branches": 0,
            "covered_branches": 2,
            "missing_branches": 0,
            "percent_branches_covered": 100.0,
            "percent_branches_covered_display": "100"
          },
          "missing_lines": [],
          "excluded_lines": [],
          "start_line": 1,
          "executed_branches": [
            [10, -9],
            [10, 11]
          ],
          "missing_branches": []
        }
      }
    },
    "tests/conftest.py": {
      "executed_lines": [1, 2, 4, 6, 8, 9, 10, 13, 14, 16],
      "summary": {
        "covered_lines": 10,
        "num_statements": 10,
        "percent_covered": 100.0,
        "percent_covered_display": "100",
        "missing_lines": 0,
        "excluded_lines": 0,
        "percent_statements_covered": 100.0,
        "percent_statements_covered_display": "100",
        "num_branches": 0,
        "num_partial_branches": 0,
        "covered_branches": 0,
        "missing_branches": 0,
        "percent_branches_covered": 100.0,
        "percent_branches_covered_display": "100"
      },
      "missing_lines": [],
      "excluded_lines": [],
      "executed_branches": [],
      "missing_branches": [],
      "functions": {
        "fixtures_dir": {
          "executed_lines": [16],
          "summary": {
            "covered_lines": 1,
            "num_statements": 1,
            "percent_covered": 100.0,
            "percent_covered_display": "100",
            "missing_lines": 0,
            "excluded_lines": 0,
            "percent_statements_covered": 100.0,
            "percent_statements_covered_display": "100",
            "num_branches": 0,
            "num_partial_branches": 0,
            "covered_branches": 0,
            "missing_branches": 0,
            "percent_branches_covered": 100.0,
            "percent_branches_covered_display": "100"
          },
          "missing_lines": [],
          "excluded_lines": [],
          "start_line": 14,
          "executed_branches": [],
          "missing_branches": []
        },
        "": {
          "executed_lines": [1, 2, 4, 6, 8, 9, 10, 13, 14],
          "summary": {
            "covered_lines": 9,
            "num_statements": 9,
            "percent_covered": 100.0,
            "percent_covered_display": "100",
            "missing_lines": 0,
            "excluded_lines": 0,
            "percent_statements_covered": 100.0,
            "percent_statements_covered_display": "100",
            "num_branches": 0,
            "num_partial_branches": 0,
            "covered_branches": 0,
            "missing_branches": 0,
            "percent_branches_covered": 100.0,
            "percent_branches_covered_display": "100"
          },
          "missing_lines": [],
          "excluded_lines": [],
          "start_line": 1,
          "executed_branches": [],
          "missing_branches": []
        }
      },
      "classes": {
        "": {
          "executed_lines": [1, 2, 4, 6, 8, 9, 10, 13, 14, 16],
          "summary": {
            "covered_lines": 10,
            "num_statements": 10,
            "percent_covered": 100.0,
            "percent_covered_display": "100",
            "missing_lines": 0,
            "excluded_lines": 0,
            "percent_statements_covered": 100.0,
            "percent_statements_covered_display": "100",
            "num_branches": 0,
            "num_partial_branches": 0,
            "covered_branches": 0,
            "missing_branches": 0,
            "percent_branches_covered": 100.0,
            "percent_branches_covered_display": "100"
          },
          "missing_lines": [],
          "excluded_lines": [],
          "start_line": 1,
          "executed_branches": [],
          "missing_branches": []
        }
      }
    },
    "tests/integration/test_healtz.py": {
      "executed_lines": [1, 2, 4, 7, 8, 9, 10],
      "summary": {
        "covered_lines": 7,
        "num_statements": 7,
        "percent_covered": 100.0,
        "percent_covered_display": "100",
        "missing_lines": 0,
        "excluded_lines": 0,
        "percent_statements_covered": 100.0,
        "percent_statements_covered_display": "100",
        "num_branches": 0,
        "num_partial_branches": 0,
        "covered_branches": 0,
        "missing_branches": 0,
        "percent_branches_covered": 100.0,
        "percent_branches_covered_display": "100"
      },
      "missing_lines": [],
      "excluded_lines": [],
      "executed_branches": [],
      "missing_branches": [],
      "functions": {
        "test_healthz_returns_ok": {
          "executed_lines": [8, 9, 10],
          "summary": {
            "covered_lines": 3,
            "num_statements": 3,
            "percent_covered": 100.0,
            "percent_covered_display": "100",
            "missing_lines": 0,
            "excluded_lines": 0,
            "percent_statements_covered": 100.0,
            "percent_statements_covered_display": "100",
            "num_branches": 0,
            "num_partial_branches": 0,
            "covered_branches": 0,
            "missing_branches": 0,
            "percent_branches_covered": 100.0,
            "percent_branches_covered_display": "100"
          },
          "missing_lines": [],
          "excluded_lines": [],
          "start_line": 7,
          "executed_branches": [],
          "missing_branches": []
        },
        "": {
          "executed_lines": [1, 2, 4, 7],
          "summary": {
            "covered_lines": 4,
            "num_statements": 4,
            "percent_covered": 100.0,
            "percent_covered_display": "100",
            "missing_lines": 0,
            "excluded_lines": 0,
            "percent_statements_covered": 100.0,
            "percent_statements_covered_display": "100",
            "num_branches": 0,
            "num_partial_branches": 0,
            "covered_branches": 0,
            "missing_branches": 0,
            "percent_branches_covered": 100.0,
            "percent_branches_covered_display": "100"
          },
          "missing_lines": [],
          "excluded_lines": [],
          "start_line": 1,
          "executed_branches": [],
          "missing_branches": []
        }
      },
      "classes": {
        "": {
          "executed_lines": [1, 2, 4, 7, 8, 9, 10],
          "summary": {
            "covered_lines": 7,
            "num_statements": 7,
            "percent_covered": 100.0,
            "percent_covered_display": "100",
            "missing_lines": 0,
            "excluded_lines": 0,
            "percent_statements_covered": 100.0,
            "percent_statements_covered_display": "100",
            "num_branches": 0,
            "num_partial_branches": 0,
            "covered_branches": 0,
            "missing_branches": 0,
            "percent_branches_covered": 100.0,
            "percent_branches_covered_display": "100"
          },
          "missing_lines": [],
          "excluded_lines": [],
          "start_line": 1,
          "executed_branches": [],
          "missing_branches": []
        }
      }
    },
    "tests/integration/test_webhook.py": {
      "executed_lines": [
        1, 2, 3, 4, 6, 7, 8, 9, 11, 12, 15, 16, 19, 20, 21, 23, 40, 52, 53, 57, 58, 59, 61, 67, 68,
        69, 71, 88, 100, 101, 105, 106, 107, 108, 109, 116, 117, 119, 120, 121, 122, 123, 124, 128,
        129, 132, 133, 135, 136, 137, 138, 139, 140, 144, 145, 148, 149, 150, 151, 152, 153, 154,
        157, 158
      ],
      "summary": {
        "covered_lines": 64,
        "num_statements": 64,
        "percent_covered": 100.0,
        "percent_covered_display": "100",
        "missing_lines": 0,
        "excluded_lines": 0,
        "percent_statements_covered": 100.0,
        "percent_statements_covered_display": "100",
        "num_branches": 0,
        "num_partial_branches": 0,
        "covered_branches": 0,
        "missing_branches": 0,
        "percent_branches_covered": 100.0,
        "percent_branches_covered_display": "100"
      },
      "missing_lines": [],
      "excluded_lines": [],
      "executed_branches": [],
      "missing_branches": [],
      "functions": {
        "_sign": {
          "executed_lines": [16],
          "summary": {
            "covered_lines": 1,
            "num_statements": 1,
            "percent_covered": 100.0,
            "percent_covered_display": "100",
            "missing_lines": 0,
            "excluded_lines": 0,
            "percent_statements_covered": 100.0,
            "percent_statements_covered_display": "100",
            "num_branches": 0,
            "num_partial_branches": 0,
            "covered_branches": 0,
            "missing_branches": 0,
            "percent_branches_covered": 100.0,
            "percent_branches_covered_display": "100"
          },
          "missing_lines": [],
          "excluded_lines": [],
          "start_line": 15,
          "executed_branches": [],
          "missing_branches": []
        },
        "test_webhook_queued_event_triggers_github_auth_chain": {
          "executed_lines": [21, 23, 40, 52, 53, 57, 58, 59, 61],
          "summary": {
            "covered_lines": 9,
            "num_statements": 9,
            "percent_covered": 100.0,
            "percent_covered_display": "100",
            "missing_lines": 0,
            "excluded_lines": 0,
            "percent_statements_covered": 100.0,
            "percent_statements_covered_display": "100",
            "num_branches": 0,
            "num_partial_branches": 0,
            "covered_branches": 0,
            "missing_branches": 0,
            "percent_branches_covered": 100.0,
            "percent_branches_covered_display": "100"
          },
          "missing_lines": [],
          "excluded_lines": [],
          "start_line": 20,
          "executed_branches": [],
          "missing_branches": []
        },
        "test_webhook_rejects_invalid_signature_without_calling_github": {
          "executed_lines": [69, 71, 88, 100, 101, 105, 106, 107, 108, 109],
          "summary": {
            "covered_lines": 10,
            "num_statements": 10,
            "percent_covered": 100.0,
            "percent_covered_display": "100",
            "missing_lines": 0,
            "excluded_lines": 0,
            "percent_statements_covered": 100.0,
            "percent_statements_covered_display": "100",
            "num_branches": 0,
            "num_partial_branches": 0,
            "covered_branches": 0,
            "missing_branches": 0,
            "percent_branches_covered": 100.0,
            "percent_branches_covered_display": "100"
          },
          "missing_lines": [],
          "excluded_lines": [],
          "start_line": 68,
          "executed_branches": [],
          "missing_branches": []
        },
        "test_webhook_completed_event_does_not_call_github": {
          "executed_lines": [119, 120, 121, 122, 123, 124, 128, 129],
          "summary": {
            "covered_lines": 8,
            "num_statements": 8,
            "percent_covered": 100.0,
            "percent_covered_display": "100",
            "missing_lines": 0,
            "excluded_lines": 0,
            "percent_statements_covered": 100.0,
            "percent_statements_covered_display": "100",
            "num_branches": 0,
            "num_partial_branches": 0,
            "covered_branches": 0,
            "missing_branches": 0,
            "percent_branches_covered": 100.0,
            "percent_branches_covered_display": "100"
          },
          "missing_lines": [],
          "excluded_lines": [],
          "start_line": 117,
          "executed_branches": [],
          "missing_branches": []
        },
        "test_webhook_in_progress_event_does_not_call_github": {
          "executed_lines": [135, 136, 137, 138, 139, 140, 144, 145],
          "summary": {
            "covered_lines": 8,
            "num_statements": 8,
            "percent_covered": 100.0,
            "percent_covered_display": "100",
            "missing_lines": 0,
            "excluded_lines": 0,
            "percent_statements_covered": 100.0,
            "percent_statements_covered_display": "100",
            "num_branches": 0,
            "num_partial_branches": 0,
            "covered_branches": 0,
            "missing_branches": 0,
            "percent_branches_covered": 100.0,
            "percent_branches_covered_display": "100"
          },
          "missing_lines": [],
          "excluded_lines": [],
          "start_line": 133,
          "executed_branches": [],
          "missing_branches": []
        },
        "test_webhook_unknown_action_logs_warning": {
          "executed_lines": [150, 151, 152, 153, 154, 157, 158],
          "summary": {
            "covered_lines": 7,
            "num_statements": 7,
            "percent_covered": 100.0,
            "percent_covered_display": "100",
            "missing_lines": 0,
            "excluded_lines": 0,
            "percent_statements_covered": 100.0,
            "percent_statements_covered_display": "100",
            "num_branches": 0,
            "num_partial_branches": 0,
            "covered_branches": 0,
            "missing_branches": 0,
            "percent_branches_covered": 100.0,
            "percent_branches_covered_display": "100"
          },
          "missing_lines": [],
          "excluded_lines": [],
          "start_line": 149,
          "executed_branches": [],
          "missing_branches": []
        },
        "": {
          "executed_lines": [
            1, 2, 3, 4, 6, 7, 8, 9, 11, 12, 15, 19, 20, 67, 68, 116, 117, 132, 133, 148, 149
          ],
          "summary": {
            "covered_lines": 21,
            "num_statements": 21,
            "percent_covered": 100.0,
            "percent_covered_display": "100",
            "missing_lines": 0,
            "excluded_lines": 0,
            "percent_statements_covered": 100.0,
            "percent_statements_covered_display": "100",
            "num_branches": 0,
            "num_partial_branches": 0,
            "covered_branches": 0,
            "missing_branches": 0,
            "percent_branches_covered": 100.0,
            "percent_branches_covered_display": "100"
          },
          "missing_lines": [],
          "excluded_lines": [],
          "start_line": 1,
          "executed_branches": [],
          "missing_branches": []
        }
      },
      "classes": {
        "": {
          "executed_lines": [
            1, 2, 3, 4, 6, 7, 8, 9, 11, 12, 15, 16, 19, 20, 21, 23, 40, 52, 53, 57, 58, 59, 61, 67,
            68, 69, 71, 88, 100, 101, 105, 106, 107, 108, 109, 116, 117, 119, 120, 121, 122, 123,
            124, 128, 129, 132, 133, 135, 136, 137, 138, 139, 140, 144, 145, 148, 149, 150, 151,
            152, 153, 154, 157, 158
          ],
          "summary": {
            "covered_lines": 64,
            "num_statements": 64,
            "percent_covered": 100.0,
            "percent_covered_display": "100",
            "missing_lines": 0,
            "excluded_lines": 0,
            "percent_statements_covered": 100.0,
            "percent_statements_covered_display": "100",
            "num_branches": 0,
            "num_partial_branches": 0,
            "covered_branches": 0,
            "missing_branches": 0,
            "percent_branches_covered": 100.0,
            "percent_branches_covered_display": "100"
          },
          "missing_lines": [],
          "excluded_lines": [],
          "start_line": 1,
          "executed_branches": [],
          "missing_branches": []
        }
      }
    },
    "tests/unit/test_generate_app_jwt.py": {
      "executed_lines": [
        1, 3, 4, 5, 8, 9, 11, 17, 18, 19, 22, 26, 27, 28, 31, 32, 33, 34, 35, 37, 39, 40, 43, 44
      ],
      "summary": {
        "covered_lines": 24,
        "num_statements": 24,
        "percent_covered": 100.0,
        "percent_covered_display": "100",
        "missing_lines": 0,
        "excluded_lines": 0,
        "percent_statements_covered": 100.0,
        "percent_statements_covered_display": "100",
        "num_branches": 0,
        "num_partial_branches": 0,
        "covered_branches": 0,
        "missing_branches": 0,
        "percent_branches_covered": 100.0,
        "percent_branches_covered_display": "100"
      },
      "missing_lines": [],
      "excluded_lines": [],
      "executed_branches": [],
      "missing_branches": [],
      "functions": {
        "rsa_keys": {
          "executed_lines": [11],
          "summary": {
            "covered_lines": 1,
            "num_statements": 1,
            "percent_covered": 100.0,
            "percent_covered_display": "100",
            "missing_lines": 0,
            "excluded_lines": 0,
            "percent_statements_covered": 100.0,
            "percent_statements_covered_display": "100",
            "num_branches": 0,
            "num_partial_branches": 0,
            "covered_branches": 0,
            "missing_branches": 0,
            "percent_branches_covered": 100.0,
            "percent_branches_covered_display": "100"
          },
          "missing_lines": [],
          "excluded_lines": [],
          "start_line": 9,
          "executed_branches": [],
          "missing_branches": []
        },
        "test_jwt_has_correct_claims_and_is_signed": {
          "executed_lines": [18, 19, 22, 26, 27, 28],
          "summary": {
            "covered_lines": 6,
            "num_statements": 6,
            "percent_covered": 100.0,
            "percent_covered_display": "100",
            "missing_lines": 0,
            "excluded_lines": 0,
            "percent_statements_covered": 100.0,
            "percent_statements_covered_display": "100",
            "num_branches": 0,
            "num_partial_branches": 0,
            "covered_branches": 0,
            "missing_branches": 0,
            "percent_branches_covered": 100.0,
            "percent_branches_covered_display": "100"
          },
          "missing_lines": [],
          "excluded_lines": [],
          "start_line": 17,
          "executed_branches": [],
          "missing_branches": []
        },
        "test_jwt_uses_current_time_by_default": {
          "executed_lines": [32, 33, 34, 35, 37, 39, 40, 43, 44],
          "summary": {
            "covered_lines": 9,
            "num_statements": 9,
            "percent_covered": 100.0,
            "percent_covered_display": "100",
            "missing_lines": 0,
            "excluded_lines": 0,
            "percent_statements_covered": 100.0,
            "percent_statements_covered_display": "100",
            "num_branches": 0,
            "num_partial_branches": 0,
            "covered_branches": 0,
            "missing_branches": 0,
            "percent_branches_covered": 100.0,
            "percent_branches_covered_display": "100"
          },
          "missing_lines": [],
          "excluded_lines": [],
          "start_line": 31,
          "executed_branches": [],
          "missing_branches": []
        },
        "": {
          "executed_lines": [1, 3, 4, 5, 8, 9, 17, 31],
          "summary": {
            "covered_lines": 8,
            "num_statements": 8,
            "percent_covered": 100.0,
            "percent_covered_display": "100",
            "missing_lines": 0,
            "excluded_lines": 0,
            "percent_statements_covered": 100.0,
            "percent_statements_covered_display": "100",
            "num_branches": 0,
            "num_partial_branches": 0,
            "covered_branches": 0,
            "missing_branches": 0,
            "percent_branches_covered": 100.0,
            "percent_branches_covered_display": "100"
          },
          "missing_lines": [],
          "excluded_lines": [],
          "start_line": 1,
          "executed_branches": [],
          "missing_branches": []
        }
      },
      "classes": {
        "": {
          "executed_lines": [
            1, 3, 4, 5, 8, 9, 11, 17, 18, 19, 22, 26, 27, 28, 31, 32, 33, 34, 35, 37, 39, 40, 43, 44
          ],
          "summary": {
            "covered_lines": 24,
            "num_statements": 24,
            "percent_covered": 100.0,
            "percent_covered_display": "100",
            "missing_lines": 0,
            "excluded_lines": 0,
            "percent_statements_covered": 100.0,
            "percent_statements_covered_display": "100",
            "num_branches": 0,
            "num_partial_branches": 0,
            "covered_branches": 0,
            "missing_branches": 0,
            "percent_branches_covered": 100.0,
            "percent_branches_covered_display": "100"
          },
          "missing_lines": [],
          "excluded_lines": [],
          "start_line": 1,
          "executed_branches": [],
          "missing_branches": []
        }
      }
    },
    "tests/unit/test_github_client.py": {
      "executed_lines": [
        1, 3, 4, 5, 6, 7, 10, 11, 12, 30, 31, 33, 34, 35, 36, 37, 38, 39, 45, 48, 49, 50, 64, 65,
        67, 70, 74, 77, 78, 79, 95, 96, 98, 99, 102, 103, 104, 107, 108, 114, 115, 116, 128, 129,
        133, 134, 135, 136, 137, 138, 139, 142, 145, 146, 147, 158, 159, 163, 166, 169, 172, 173,
        174, 186, 187, 191, 192, 195, 196, 197, 200, 201
      ],
      "summary": {
        "covered_lines": 72,
        "num_statements": 72,
        "percent_covered": 100.0,
        "percent_covered_display": "100",
        "missing_lines": 0,
        "excluded_lines": 0,
        "percent_statements_covered": 100.0,
        "percent_statements_covered_display": "100",
        "num_branches": 0,
        "num_partial_branches": 0,
        "covered_branches": 0,
        "missing_branches": 0,
        "percent_branches_covered": 100.0,
        "percent_branches_covered_display": "100"
      },
      "missing_lines": [],
      "excluded_lines": [],
      "executed_branches": [],
      "missing_branches": [],
      "functions": {
        "test_get_installation_token_returns_token": {
          "executed_lines": [12, 30, 31, 33, 34, 35, 36, 37, 38, 39, 45],
          "summary": {
            "covered_lines": 11,
            "num_statements": 11,
            "percent_covered": 100.0,
            "percent_covered_display": "100",
            "missing_lines": 0,
            "excluded_lines": 0,
            "percent_statements_covered": 100.0,
            "percent_statements_covered_display": "100",
            "num_branches": 0,
            "num_partial_branches": 0,
            "covered_branches": 0,
            "missing_branches": 0,
            "percent_branches_covered": 100.0,
            "percent_branches_covered_display": "100"
          },
          "missing_lines": [],
          "excluded_lines": [],
          "start_line": 11,
          "executed_branches": [],
          "missing_branches": []
        },
        "test_get_installation_token_raises_on_malformed_response": {
          "executed_lines": [50, 64, 65, 67, 70, 74],
          "summary": {
            "covered_lines": 6,
            "num_statements": 6,
            "percent_covered": 100.0,
            "percent_covered_display": "100",
            "missing_lines": 0,
            "excluded_lines": 0,
            "percent_statements_covered": 100.0,
            "percent_statements_covered_display": "100",
            "num_branches": 0,
            "num_partial_branches": 0,
            "covered_branches": 0,
            "missing_branches": 0,
            "percent_branches_covered": 100.0,
            "percent_branches_covered_display": "100"
          },
          "missing_lines": [],
          "excluded_lines": [],
          "start_line": 49,
          "executed_branches": [],
          "missing_branches": []
        },
        "test_get_installation_token_raises_on_malformed_timestamp": {
          "executed_lines": [79, 95, 96, 98, 99],
          "summary": {
            "covered_lines": 5,
            "num_statements": 5,
            "percent_covered": 100.0,
            "percent_covered_display": "100",
            "missing_lines": 0,
            "excluded_lines": 0,
            "percent_statements_covered": 100.0,
            "percent_statements_covered_display": "100",
            "num_branches": 0,
            "num_partial_branches": 0,
            "covered_branches": 0,
            "missing_branches": 0,
            "percent_branches_covered": 100.0,
            "percent_branches_covered_display": "100"
          },
          "missing_lines": [],
          "excluded_lines": [],
          "start_line": 78,
          "executed_branches": [],
          "missing_branches": []
        },
        "test_get_installation_token_raises_on_http_error": {
          "executed_lines": [104, 107, 108],
          "summary": {
            "covered_lines": 3,
            "num_statements": 3,
            "percent_covered": 100.0,
            "percent_covered_display": "100",
            "missing_lines": 0,
            "excluded_lines": 0,
            "percent_statements_covered": 100.0,
            "percent_statements_covered_display": "100",
            "num_branches": 0,
            "num_partial_branches": 0,
            "covered_branches": 0,
            "missing_branches": 0,
            "percent_branches_covered": 100.0,
            "percent_branches_covered_display": "100"
          },
          "missing_lines": [],
          "excluded_lines": [],
          "start_line": 103,
          "executed_branches": [],
          "missing_branches": []
        },
        "test_get_registration_token_returns_token": {
          "executed_lines": [116, 128, 129, 133, 134, 135, 136, 137, 138, 139, 142],
          "summary": {
            "covered_lines": 11,
            "num_statements": 11,
            "percent_covered": 100.0,
            "percent_covered_display": "100",
            "missing_lines": 0,
            "excluded_lines": 0,
            "percent_statements_covered": 100.0,
            "percent_statements_covered_display": "100",
            "num_branches": 0,
            "num_partial_branches": 0,
            "covered_branches": 0,
            "missing_branches": 0,
            "percent_branches_covered": 100.0,
            "percent_branches_covered_display": "100"
          },
          "missing_lines": [],
          "excluded_lines": [],
          "start_line": 115,
          "executed_branches": [],
          "missing_branches": []
        },
        "test_get_registration_token_raises_on_malformed_response": {
          "executed_lines": [147, 158, 159, 163, 166, 169],
          "summary": {
            "covered_lines": 6,
            "num_statements": 6,
            "percent_covered": 100.0,
            "percent_covered_display": "100",
            "missing_lines": 0,
            "excluded_lines": 0,
            "percent_statements_covered": 100.0,
            "percent_statements_covered_display": "100",
            "num_branches": 0,
            "num_partial_branches": 0,
            "covered_branches": 0,
            "missing_branches": 0,
            "percent_branches_covered": 100.0,
            "percent_branches_covered_display": "100"
[...]
            "covered_lines": 4,
            "num_statements": 4,
            "percent_covered": 100.0,
            "percent_covered_display": "100",
            "missing_lines": 0,
            "excluded_lines": 0,
            "percent_statements_covered": 100.0,
            "percent_statements_covered_display": "100",
            "num_branches": 0,
            "num_partial_branches": 0,
            "covered_branches": 0,
            "missing_branches": 0,
            "percent_branches_covered": 100.0,
            "percent_branches_covered_display": "100"
          },
          "missing_lines": [],
          "excluded_lines": [],
          "start_line": 125,
          "executed_branches": [],
          "missing_branches": []
        },
        "test_color_formatter_emits_valid_extra_fields": {
          "executed_lines": [133, 134, 135, 136, 137, 138],
          "summary": {
            "covered_lines": 6,
            "num_statements": 6,
            "percent_covered": 100.0,
            "percent_covered_display": "100",
            "missing_lines": 0,
            "excluded_lines": 0,
            "percent_statements_covered": 100.0,
            "percent_statements_covered_display": "100",
            "num_branches": 0,
            "num_partial_branches": 0,
            "covered_branches": 0,
            "missing_branches": 0,
            "percent_branches_covered": 100.0,
            "percent_branches_covered_display": "100"
          },
          "missing_lines": [],
          "excluded_lines": [],
          "start_line": 132,
          "executed_branches": [],
          "missing_branches": []
        },
        "test_setup_logging_picks_color_locally": {
          "executed_lines": [142, 143, 145, 147, 148],
          "summary": {
            "covered_lines": 5,
            "num_statements": 5,
            "percent_covered": 100.0,
            "percent_covered_display": "100",
            "missing_lines": 0,
            "excluded_lines": 0,
            "percent_statements_covered": 100.0,
            "percent_statements_covered_display": "100",
            "num_branches": 0,
            "num_partial_branches": 0,
            "covered_branches": 0,
            "missing_branches": 0,
            "percent_branches_covered": 100.0,
            "percent_branches_covered_display": "100"
          },
          "missing_lines": [],
          "excluded_lines": [],
          "start_line": 141,
          "executed_branches": [],
          "missing_branches": []
        },
        "test_color_formatter_renders_exception": {
          "executed_lines": [152, 153, 154],
          "summary": {
            "covered_lines": 3,
            "num_statements": 3,
            "percent_covered": 100.0,
            "percent_covered_display": "100",
            "missing_lines": 0,
            "excluded_lines": 0,
            "percent_statements_covered": 100.0,
            "percent_statements_covered_display": "100",
            "num_branches": 0,
            "num_partial_branches": 0,
            "covered_branches": 0,
            "missing_branches": 0,
            "percent_branches_covered": 100.0,
            "percent_branches_covered_display": "100"
          },
          "missing_lines": [],
          "excluded_lines": [],
          "start_line": 151,
          "executed_branches": [],
          "missing_branches": []
        },
        "test_color_formatter_emits_ansi_when_color_enabled": {
          "executed_lines": [158, 159, 160, 161, 162],
          "summary": {
            "covered_lines": 5,
            "num_statements": 5,
            "percent_covered": 100.0,
            "percent_covered_display": "100",
            "missing_lines": 0,
            "excluded_lines": 0,
            "percent_statements_covered": 100.0,
            "percent_statements_covered_display": "100",
            "num_branches": 0,
            "num_partial_branches": 0,
            "covered_branches": 0,
            "missing_branches": 0,
            "percent_branches_covered": 100.0,
            "percent_branches_covered_display": "100"
          },
          "missing_lines": [],
          "excluded_lines": [],
          "start_line": 157,
          "executed_branches": [],
          "missing_branches": []
        },
        "test_color_formatter_emits_ansi_when_color_disabled": {
          "executed_lines": [166, 167, 168, 169, 170],
          "summary": {
            "covered_lines": 5,
            "num_statements": 5,
            "percent_covered": 100.0,
            "percent_covered_display": "100",
            "missing_lines": 0,
            "excluded_lines": 0,
            "percent_statements_covered": 100.0,
            "percent_statements_covered_display": "100",
            "num_branches": 0,
            "num_partial_branches": 0,
            "covered_branches": 0,
            "missing_branches": 0,
            "percent_branches_covered": 100.0,
            "percent_branches_covered_display": "100"
          },
          "missing_lines": [],
          "excluded_lines": [],
          "start_line": 165,
          "executed_branches": [],
          "missing_branches": []
        },
        "": {
          "executed_lines": [
            1, 2, 3, 5, 6, 14, 15, 22, 43, 54, 64, 73, 80, 91, 98, 110, 117, 125, 132, 141, 151,
            157, 165
          ],
          "summary": {
            "covered_lines": 23,
            "num_statements": 23,
            "percent_covered": 100.0,
            "percent_covered_display": "100",
            "missing_lines": 0,
            "excluded_lines": 0,
            "percent_statements_covered": 100.0,
            "percent_statements_covered_display": "100",
            "num_branches": 0,
            "num_partial_branches": 0,
            "covered_branches": 0,
            "missing_branches": 0,
            "percent_branches_covered": 100.0,
            "percent_branches_covered_display": "100"
          },
          "missing_lines": [],
          "excluded_lines": [],
          "start_line": 1,
          "executed_branches": [],
          "missing_branches": []
        }
      },
      "classes": {
        "": {
          "executed_lines": [
            1, 2, 3, 5, 6, 14, 15, 16, 17, 19, 22, 24, 25, 26, 27, 28, 29, 30, 31, 32, 33, 34, 35,
            36, 38, 39, 43, 44, 45, 46, 47, 48, 49, 50, 51, 54, 56, 57, 59, 60, 61, 64, 65, 66, 67,
            68, 70, 73, 74, 75, 76, 77, 80, 81, 83, 85, 87, 88, 91, 92, 93, 94, 95, 98, 110, 111,
            112, 113, 114, 117, 118, 119, 120, 121, 125, 126, 127, 128, 129, 132, 133, 134, 135,
            136, 137, 138, 141, 142, 143, 145, 147, 148, 151, 152, 153, 154, 157, 158, 159, 160,
            161, 162, 165, 166, 167, 168, 169, 170
          ],
          "summary": {
            "covered_lines": 108,
            "num_statements": 108,
            "percent_covered": 100.0,
            "percent_covered_display": "100",
            "missing_lines": 0,
            "excluded_lines": 0,
            "percent_statements_covered": 100.0,
            "percent_statements_covered_display": "100",
            "num_branches": 2,
            "num_partial_branches": 0,
            "covered_branches": 2,
            "missing_branches": 0,
            "percent_branches_covered": 100.0,
            "percent_branches_covered_display": "100"
          },
          "missing_lines": [],
          "excluded_lines": [],
          "start_line": 1,
          "executed_branches": [
            [32, 33],
            [32, 38]
          ],
          "missing_branches": []
        }
      }
    },
    "tests/unit/test_models.py": {
      "executed_lines": [
        1, 2, 4, 5, 6, 7, 10, 11, 12, 14, 15, 16, 17, 20, 21, 22, 23, 24, 27, 28, 45, 47, 48, 51,
        54, 57
      ],
      "summary": {
        "covered_lines": 26,
        "num_statements": 26,
        "percent_covered": 100.0,
        "percent_covered_display": "100",
        "missing_lines": 0,
        "excluded_lines": 0,
        "percent_statements_covered": 100.0,
        "percent_statements_covered_display": "100",
        "num_branches": 0,
        "num_partial_branches": 0,
        "covered_branches": 0,
        "missing_branches": 0,
        "percent_branches_covered": 100.0,
        "percent_branches_covered_display": "100"
      },
      "missing_lines": [],
      "excluded_lines": [],
      "executed_branches": [],
      "missing_branches": [],
      "functions": {
        "test_workflow_job_event_parses_queued_payload": {
          "executed_lines": [11, 12, 14, 15, 16, 17],
          "summary": {
            "covered_lines": 6,
            "num_statements": 6,
            "percent_covered": 100.0,
            "percent_covered_display": "100",
            "missing_lines": 0,
            "excluded_lines": 0,
            "percent_statements_covered": 100.0,
            "percent_statements_covered_display": "100",
            "num_branches": 0,
            "num_partial_branches": 0,
            "covered_branches": 0,
            "missing_branches": 0,
            "percent_branches_covered": 100.0,
            "percent_branches_covered_display": "100"
          },
          "missing_lines": [],
          "excluded_lines": [],
          "start_line": 10,
          "executed_branches": [],
          "missing_branches": []
        },
        "test_workflow_job_event_raises_error_on_missing_action": {
          "executed_lines": [21, 22, 23, 24],
          "summary": {
            "covered_lines": 4,
            "num_statements": 4,
            "percent_covered": 100.0,
            "percent_covered_display": "100",
            "missing_lines": 0,
            "excluded_lines": 0,
            "percent_statements_covered": 100.0,
            "percent_statements_covered_display": "100",
            "num_branches": 0,
            "num_partial_branches": 0,
            "covered_branches": 0,
            "missing_branches": 0,
            "percent_branches_covered": 100.0,
            "percent_branches_covered_display": "100"
          },
          "missing_lines": [],
          "excluded_lines": [],
          "start_line": 20,
          "executed_branches": [],
          "missing_branches": []
        },
        "test_parse_github_response_logs_and_raises_on_missing_field": {
          "executed_lines": [28, 45, 47, 48, 51, 54, 57],
          "summary": {
            "covered_lines": 7,
            "num_statements": 7,
            "percent_covered": 100.0,
            "percent_covered_display": "100",
            "missing_lines": 0,
            "excluded_lines": 0,
            "percent_statements_covered": 100.0,
            "percent_statements_covered_display": "100",
            "num_branches": 0,
            "num_partial_branches": 0,
            "covered_branches": 0,
            "missing_branches": 0,
            "percent_branches_covered": 100.0,
            "percent_branches_covered_display": "100"
          },
          "missing_lines": [],
          "excluded_lines": [],
          "start_line": 27,
          "executed_branches": [],
          "missing_branches": []
        },
        "": {
          "executed_lines": [1, 2, 4, 5, 6, 7, 10, 20, 27],
          "summary": {
            "covered_lines": 9,
            "num_statements": 9,
            "percent_covered": 100.0,
            "percent_covered_display": "100",
            "missing_lines": 0,
            "excluded_lines": 0,
            "percent_statements_covered": 100.0,
            "percent_statements_covered_display": "100",
            "num_branches": 0,
            "num_partial_branches": 0,
            "covered_branches": 0,
            "missing_branches": 0,
            "percent_branches_covered": 100.0,
            "percent_branches_covered_display": "100"
          },
          "missing_lines": [],
          "excluded_lines": [],
          "start_line": 1,
          "executed_branches": [],
          "missing_branches": []
        }
      },
      "classes": {
        "": {
          "executed_lines": [
            1, 2, 4, 5, 6, 7, 10, 11, 12, 14, 15, 16, 17, 20, 21, 22, 23, 24, 27, 28, 45, 47, 48,
            51, 54, 57
          ],
          "summary": {
            "covered_lines": 26,
            "num_statements": 26,
            "percent_covered": 100.0,
            "percent_covered_display": "100",
            "missing_lines": 0,
            "excluded_lines": 0,
            "percent_statements_covered": 100.0,
            "percent_statements_covered_display": "100",
            "num_branches": 0,
            "num_partial_branches": 0,
            "covered_branches": 0,
            "missing_branches": 0,
            "percent_branches_covered": 100.0,
            "percent_branches_covered_display": "100"
          },
          "missing_lines": [],
          "excluded_lines": [],
          "start_line": 1,
          "executed_branches": [],
          "missing_branches": []
        }
      }
    },
    "tests/unit/test_parse_trace_id.py": {
      "executed_lines": [1, 2, 5, 18, 19],
      "summary": {
        "covered_lines": 5,
        "num_statements": 5,
        "percent_covered": 100.0,
        "percent_covered_display": "100",
        "missing_lines": 0,
        "excluded_lines": 0,
        "percent_statements_covered": 100.0,
        "percent_statements_covered_display": "100",
        "num_branches": 0,
        "num_partial_branches": 0,
        "covered_branches": 0,
        "missing_branches": 0,
        "percent_branches_covered": 100.0,
        "percent_branches_covered_display": "100"
      },
      "missing_lines": [],
      "excluded_lines": [],
      "executed_branches": [],
      "missing_branches": [],
      "functions": {
        "test_parse_trace_id": {
          "executed_lines": [19],
          "summary": {
            "covered_lines": 1,
            "num_statements": 1,
            "percent_covered": 100.0,
            "percent_covered_display": "100",
            "missing_lines": 0,
            "excluded_lines": 0,
            "percent_statements_covered": 100.0,
            "percent_statements_covered_display": "100",
            "num_branches": 0,
            "num_partial_branches": 0,
            "covered_branches": 0,
            "missing_branches": 0,
            "percent_branches_covered": 100.0,
            "percent_branches_covered_display": "100"
          },
          "missing_lines": [],
          "excluded_lines": [],
          "start_line": 18,
          "executed_branches": [],
          "missing_branches": []
        },
        "": {
          "executed_lines": [1, 2, 5, 18],
          "summary": {
            "covered_lines": 4,
            "num_statements": 4,
            "percent_covered": 100.0,
            "percent_covered_display": "100",
            "missing_lines": 0,
            "excluded_lines": 0,
            "percent_statements_covered": 100.0,
            "percent_statements_covered_display": "100",
            "num_branches": 0,
            "num_partial_branches": 0,
            "covered_branches": 0,
            "missing_branches": 0,
            "percent_branches_covered": 100.0,
            "percent_branches_covered_display": "100"
          },
          "missing_lines": [],
          "excluded_lines": [],
          "start_line": 1,
          "executed_branches": [],
          "missing_branches": []
        }
      },
      "classes": {
        "": {
          "executed_lines": [1, 2, 5, 18, 19],
          "summary": {
            "covered_lines": 5,
            "num_statements": 5,
            "percent_covered": 100.0,
            "percent_covered_display": "100",
            "missing_lines": 0,
            "excluded_lines": 0,
            "percent_statements_covered": 100.0,
            "percent_statements_covered_display": "100",
            "num_branches": 0,
            "num_partial_branches": 0,
            "covered_branches": 0,
            "missing_branches": 0,
            "percent_branches_covered": 100.0,
            "percent_branches_covered_display": "100"
          },
          "missing_lines": [],
          "excluded_lines": [],
          "start_line": 1,
          "executed_branches": [],
          "missing_branches": []
        }
      }
    },
    "tests/unit/test_security.py": {
      "executed_lines": [1, 2, 4, 5, 7, 8, 9, 12, 32, 33],
      "summary": {
        "covered_lines": 10,
        "num_statements": 10,
        "percent_covered": 100.0,
        "percent_covered_display": "100",
        "missing_lines": 0,
        "excluded_lines": 0,
        "percent_statements_covered": 100.0,
        "percent_statements_covered_display": "100",
        "num_branches": 0,
        "num_partial_branches": 0,
        "covered_branches": 0,
        "missing_branches": 0,
        "percent_branches_covered": 100.0,
        "percent_branches_covered_display": "100"
      },
      "missing_lines": [],
      "excluded_lines": [],
      "executed_branches": [],
      "missing_branches": [],
      "functions": {
        "test_hmac_validation": {
          "executed_lines": [33],
          "summary": {
            "covered_lines": 1,
            "num_statements": 1,
            "percent_covered": 100.0,
            "percent_covered_display": "100",
            "missing_lines": 0,
            "excluded_lines": 0,
            "percent_statements_covered": 100.0,
            "percent_statements_covered_display": "100",
            "num_branches": 0,
            "num_partial_branches": 0,
            "covered_branches": 0,
            "missing_branches": 0,
            "percent_branches_covered": 100.0,
            "percent_branches_covered_display": "100"
          },
          "missing_lines": [],
          "excluded_lines": [],
          "start_line": 32,
          "executed_branches": [],
          "missing_branches": []
        },
        "": {
          "executed_lines": [1, 2, 4, 5, 7, 8, 9, 12, 32],
          "summary": {
            "covered_lines": 9,
            "num_statements": 9,
            "percent_covered": 100.0,
            "percent_covered_display": "100",
            "missing_lines": 0,
            "excluded_lines": 0,
            "percent_statements_covered": 100.0,
            "percent_statements_covered_display": "100",
            "num_branches": 0,
            "num_partial_branches": 0,
            "covered_branches": 0,
            "missing_branches": 0,
            "percent_branches_covered": 100.0,
            "percent_branches_covered_display": "100"
          },
          "missing_lines": [],
          "excluded_lines": [],
          "start_line": 1,
          "executed_branches": [],
          "missing_branches": []
        }
      },
      "classes": {
        "": {
          "executed_lines": [1, 2, 4, 5, 7, 8, 9, 12, 32, 33],
          "summary": {
            "covered_lines": 10,
            "num_statements": 10,
            "percent_covered": 100.0,
            "percent_covered_display": "100",
            "missing_lines": 0,
            "excluded_lines": 0,
            "percent_statements_covered": 100.0,
            "percent_statements_covered_display": "100",
            "num_branches": 0,
            "num_partial_branches": 0,
            "covered_branches": 0,
            "missing_branches": 0,
            "percent_branches_covered": 100.0,
            "percent_branches_covered_display": "100"
          },
          "missing_lines": [],
          "excluded_lines": [],
          "start_line": 1,
          "executed_branches": [],
          "missing_branches": []
        }
      }
    }
  },
  "totals": {
    "covered_lines": 543,
    "num_statements": 543,
    "percent_covered": 99.82608695652173,
    "percent_covered_display": "99",
    "missing_lines": 0,
    "excluded_lines": 0,
    "percent_statements_covered": 100.0,
    "percent_statements_covered_display": "100",
    "num_branches": 32,
    "num_partial_branches": 1,
    "covered_branches": 31,
    "missing_branches": 1,
    "percent_branches_covered": 96.875,
    "percent_branches_covered_display": "97"
  }
}
